<?xml version="1.0" encoding="UTF-8"?>
<!-- Generated by org.testng.reporters.JUnitReportReporter -->
<testsuite hostname="cdc2-l-428650r" failures="0" tests="2" name="org.accensportz.NewTest" time="0.026" errors="0" timestamp="2024-10-20T17:00:54 IST" skipped="0">
  <testcase classname="org.accensportz.NewTest" name="somkeGroup" time="0.004"/>
  <testcase classname="org.accensportz.NewTest" name="sanityGroup" time="0.022"/>
</testsuite> <!-- org.accensportz.NewTest -->
