<?xml version="1.0" encoding="UTF-8"?>
<!-- Generated by org.testng.reporters.JUnitReportReporter -->
<testsuite hostname="cdc2-l-428650r" failures="0" tests="1" name="org.accensportz.VitalBusinessfunctions" time="21.876" errors="0" timestamp="2024-10-21T15:57:40 IST" skipped="0">
  <testcase classname="org.accensportz.VitalBusinessfunctions" name="f" time="21.876"/>
</testsuite> <!-- org.accensportz.VitalBusinessfunctions -->
