<?xml version="1.0" encoding="UTF-8"?>
<!-- Generated by org.testng.reporters.JUnitReportReporter -->
<testsuite hostname="cdc2-l-428650r" failures="0" tests="1" name="org.accensportz.Registration_Page" time="30.417" errors="0" timestamp="2024-10-21T19:29:01 IST" skipped="0">
  <testcase classname="org.accensportz.Registration_Page" name="f" time="30.417"/>
</testsuite> <!-- org.accensportz.Registration_Page -->
