<?xml version="1.0" encoding="UTF-8"?>
<!-- Generated by org.testng.reporters.JUnitReportReporter -->
<testsuite hostname="cdc2-l-428650r" failures="0" tests="4" name="org.accensportz.priority" time="0.039" errors="0" timestamp="2024-10-21T22:57:16 IST" skipped="0">
  <testcase classname="org.accensportz.priority" name="f1" time="0.015"/>
  <testcase classname="org.accensportz.priority" name="f2" time="0.018"/>
  <testcase classname="org.accensportz.priority" name="f3" time="0.004"/>
  <testcase classname="org.accensportz.priority" name="f4" time="0.002"/>
</testsuite> <!-- org.accensportz.priority -->
